[05:24:25] [Netty Epoll Server IO #6/ERROR]: Error sending packet clientbound/minecraft:disconnect
io.netty.handler.codec.EncoderException: Sending unknown packet 'clientbound/minecraft:disconnect'
	at zl.a(SourceFile:50) ~[server-1.21.8.jar:?]
	at zl.encode(SourceFile:14) ~[server-1.21.8.jar:?]
	at wr.a(SourceFile:26) ~[server-1.21.8.jar:?]
	at wr.encode(SourceFile:12) ~[server-1.21.8.jar:?]
	at io.netty.handler.codec.MessageToByteEncoder.write(MessageToByteEncoder.java:107) ~[netty-codec-4.1.118.Final.jar:4.1.118.Final]
	at io.netty.channel.AbstractChannelHandlerContext.invokeWrite0(AbstractChannelHandlerContext.java:893) ~[netty-transport-4.1.118.Final.jar:4.1.118.Final]
	at io.netty.channel.AbstractChannelHandlerContext.invokeWrite(AbstractChannelHandlerContext.java:875) ~[netty-transport-4.1.118.Final.jar:4.1.118.Final]
	at io.netty.channel.AbstractChannelHandlerContext.write(AbstractChannelHandlerContext.java:984) ~[netty-transport-4.1.118.Final.jar:4.1.118.Final]
	at io.netty.channel.AbstractChannelHandlerContext.write(AbstractChannelHandlerContext.java:868) ~[netty-transport-4.1.118.Final.jar:4.1.118.Final]
	at io.netty.channel.ChannelOutboundHandlerAdapter.write(ChannelOutboundHandlerAdapter.java:113) ~[netty-transport-4.1.118.Final.jar:4.1.118.Final]
	at wd$2.write(SourceFile:525) ~[server-1.21.8.jar:?]
	at io.netty.channel.AbstractChannelHandlerContext.invokeWrite0(AbstractChannelHandlerContext.java:893) ~[netty-transport-4.1.118.Final.jar:4.1.118.Final]
	at io.netty.channel.AbstractChannelHandlerContext.invokeWriteAndFlush(AbstractChannelHandlerContext.java:956) ~[netty-transport-4.1.118.Final.jar:4.1.118.Final]
	at io.netty.channel.AbstractChannelHandlerContext.write(AbstractChannelHandlerContext.java:982) ~[netty-transport-4.1.118.Final.jar:4.1.118.Final]
	at io.netty.channel.AbstractChannelHandlerContext.writeAndFlush(AbstractChannelHandlerContext.java:950) ~[netty-transport-4.1.118.Final.jar:4.1.118.Final]
	at io.netty.channel.AbstractChannelHandlerContext.writeAndFlush(AbstractChannelHandlerContext.java:1000) ~[netty-transport-4.1.118.Final.jar:4.1.118.Final]
	at io.netty.channel.DefaultChannelPipeline.writeAndFlush(DefaultChannelPipeline.java:974) ~[netty-transport-4.1.118.Final.jar:4.1.118.Final]
	at io.netty.channel.AbstractChannel.writeAndFlush(AbstractChannel.java:305) ~[netty-transport-4.1.118.Final.jar:4.1.118.Final]
	at wd.c(SourceFile:351) ~[server-1.21.8.jar:?]
	at wd.b(SourceFile:343) ~[server-1.21.8.jar:?]
	at wd.a(SourceFile:325) ~[server-1.21.8.jar:?]
	at wd.a(SourceFile:319) ~[server-1.21.8.jar:?]
	at wd.exceptionCaught(SourceFile:170) ~[server-1.21.8.jar:?]
	at io.netty.channel.AbstractChannelHandlerContext.invokeExceptionCaught(AbstractChannelHandlerContext.java:346) ~[netty-transport-4.1.118.Final.jar:4.1.118.Final]
	at io.netty.channel.AbstractChannelHandlerContext.invokeExceptionCaught(AbstractChannelHandlerContext.java:325) ~[netty-transport-4.1.118.Final.jar:4.1.118.Final]
	at io.netty.channel.AbstractChannelHandlerContext.fireExceptionCaught(AbstractChannelHandlerContext.java:317) ~[netty-transport-4.1.118.Final.jar:4.1.118.Final]
	at io.netty.channel.DefaultChannelPipeline$HeadContext.exceptionCaught(DefaultChannelPipeline.java:1324) ~[netty-transport-4.1.118.Final.jar:4.1.118.Final]
	at io.netty.channel.AbstractChannelHandlerContext.invokeExceptionCaught(AbstractChannelHandlerContext.java:346) ~[netty-transport-4.1.118.Final.jar:4.1.118.Final]
	at io.netty.channel.AbstractChannelHandlerContext.invokeExceptionCaught(AbstractChannelHandlerContext.java:325) ~[netty-transport-4.1.118.Final.jar:4.1.118.Final]
	at io.netty.channel.DefaultChannelPipeline.fireExceptionCaught(DefaultChannelPipeline.java:856) ~[netty-transport-4.1.118.Final.jar:4.1.118.Final]
	at io.netty.channel.epoll.AbstractEpollStreamChannel$EpollStreamUnsafe.handleReadException(AbstractEpollStreamChannel.java:727) ~[netty-transport-classes-epoll-4.1.118.Final.jar:4.1.118.Final]
	at io.netty.channel.epoll.AbstractEpollStreamChannel$EpollStreamUnsafe.epollInReady(AbstractEpollStreamChannel.java:825) ~[netty-transport-classes-epoll-4.1.118.Final.jar:4.1.118.Final]
	at io.netty.channel.epoll.EpollEventLoop.processReady(EpollEventLoop.java:501) ~[netty-transport-classes-epoll-4.1.118.Final.jar:4.1.118.Final]
	at io.netty.channel.epoll.EpollEventLoop.run(EpollEventLoop.java:399) ~[netty-transport-classes-epoll-4.1.118.Final.jar:4.1.118.Final]
	at io.netty.util.concurrent.SingleThreadEventExecutor$4.run(SingleThreadEventExecutor.java:998) ~[netty-common-4.1.118.Final.jar:4.1.118.Final]
	at io.netty.util.internal.ThreadExecutorMap$2.run(ThreadExecutorMap.java:74) ~[netty-common-4.1.118.Final.jar:4.1.118.Final]
	at java.base/java.lang.Thread.run(Thread.java:1583) [?:?]
[06:31:40] [Server console handler/ERROR]: Exception handling console input
java.io.IOException: Input/output error
	at java.base/java.io.FileInputStream.readBytes(Native Method) ~[?:?]
	at java.base/java.io.FileInputStream.read(FileInputStream.java:287) ~[?:?]
	at java.base/java.io.BufferedInputStream.read1(BufferedInputStream.java:345) ~[?:?]
	at java.base/java.io.BufferedInputStream.implRead(BufferedInputStream.java:420) ~[?:?]
	at java.base/java.io.BufferedInputStream.read(BufferedInputStream.java:399) ~[?:?]
	at java.base/sun.nio.cs.StreamDecoder.readBytes(StreamDecoder.java:350) ~[?:?]
	at java.base/sun.nio.cs.StreamDecoder.implRead(StreamDecoder.java:393) ~[?:?]
	at java.base/sun.nio.cs.StreamDecoder.lockedRead(StreamDecoder.java:217) ~[?:?]
	at java.base/sun.nio.cs.StreamDecoder.read(StreamDecoder.java:171) ~[?:?]
	at java.base/java.io.InputStreamReader.read(InputStreamReader.java:188) ~[?:?]
	at java.base/java.io.BufferedReader.fill(BufferedReader.java:160) ~[?:?]
	at java.base/java.io.BufferedReader.implReadLine(BufferedReader.java:370) ~[?:?]
	at java.base/java.io.BufferedReader.readLine(BufferedReader.java:347) ~[?:?]
	at java.base/java.io.BufferedReader.readLine(BufferedReader.java:436) ~[?:?]
	at ari$1.run(SourceFile:102) [server-1.21.8.jar:?]
